TagLib: Could not open file /home/ein/Music/Neon Genesis Evangelion/Singles/[1997.08.01] THE END OF EVANGELION - THANATOS-IF I CAN'T BE YOURS-.zip/[1997.08.01] THE END OF EVANGELION - THANATOS-IF I CAN'T BE YOURS-/02. Komm, susser Tod.mp3
writeCommonTags: couldn't write 'year' tag to 'Core Pride.m4a' as it's not a positive integer
writeCommonTags: couldn't write 'track' tag to 'Core Pride.m4a' as it's not a positive integer
writeCommonTags: couldn't write 'year' tag to 'Fazerdaze - Break!.m4a' as it's not a positive integer
writeCommonTags: couldn't write 'track' tag to 'Fazerdaze - Break!.m4a' as it's not a positive integer
writeCommonTags: couldn't write 'year' tag to 'Fazerdaze - Come Apart (Official Audio).m4a' as it's not a positive integer
writeCommonTags: couldn't write 'track' tag to 'Fazerdaze - Come Apart (Official Audio).m4a' as it's not a positive integer
writeCommonTags: couldn't write 'year' tag to 'Core Pride.m4a' as it's not a positive integer
writeCommonTags: couldn't write 'track' tag to 'Core Pride.m4a' as it's not a positive integer
writeCommonTags: couldn't write 'year' tag to 'Fazerdaze - Break!.m4a' as it's not a positive integer
writeCommonTags: couldn't write 'track' tag to 'Fazerdaze - Break!.m4a' as it's not a positive integer
writeCommonTags: couldn't write 'year' tag to 'Fazerdaze - Come Apart (Official Audio).m4a' as it's not a positive integer
writeCommonTags: couldn't write 'track' tag to 'Fazerdaze - Come Apart (Official Audio).m4a' as it's not a positive integer
writeCommonTags: couldn't write 'year' tag to 'Core Pride.m4a' as it's not a positive integer
writeCommonTags: couldn't write 'track' tag to 'Core Pride.m4a' as it's not a positive integer
writeCommonTags: couldn't write 'year' tag to 'Fazerdaze - Break!.m4a' as it's not a positive integer
writeCommonTags: couldn't write 'track' tag to 'Fazerdaze - Break!.m4a' as it's not a positive integer
writeCommonTags: couldn't write 'year' tag to 'Fazerdaze - Come Apart (Official Audio).m4a' as it's not a positive integer
writeCommonTags: couldn't write 'track' tag to 'Fazerdaze - Come Apart (Official Audio).m4a' as it's not a positive integer
writeCommonTags: couldn't write 'track' tag to 'Core Pride.m4a' as it's not a positive integer
writeCommonTags: couldn't write 'year' tag to 'Fazerdaze - Break!.m4a' as it's not a positive integer
writeCommonTags: couldn't write 'track' tag to 'Fazerdaze - Break!.m4a' as it's not a positive integer
writeCommonTags: couldn't write 'year' tag to 'Fazerdaze - Come Apart (Official Audio).m4a' as it's not a positive integer
writeCommonTags: couldn't write 'track' tag to 'Fazerdaze - Come Apart (Official Audio).m4a' as it's not a positive integer
writeCommonTags: couldn't write 'track' tag to 'Core Pride.m4a' as it's not a positive integer
writeCommonTags: couldn't write 'track' tag to 'Core Pride.m4a' as it's not a positive integer
writeCommonTags: couldn't write 'track' tag to 'Core Pride.m4a' as it's not a positive integer
writeCommonTags: couldn't write 'track' tag to 'Core Pride.m4a' as it's not a positive integer
writeCommonTags: couldn't write 'track' tag to 'Core Pride.m4a' as it's not a positive integer
writeCommonTags: couldn't write 'track' tag to 'Core Pride.m4a' as it's not a positive integer
writeCommonTags: couldn't write 'track' tag to 'Core Pride.m4a' as it's not a positive integer
writeCommonTags: couldn't write 'track' tag to 'Core Pride.m4a' as it's not a positive integer
writeCommonTags: couldn't write 'track' tag to 'Core Pride.m4a' as it's not a positive integer
writeCommonTags: couldn't write 'track' tag to 'Core Pride.m4a' as it's not a positive integer
writeCommonTags: couldn't write 'track' tag to 'Core Pride.m4a' as it's not a positive integer
writeCommonTags: couldn't write 'track' tag to 'Core Pride.m4a' as it's not a positive integer
writeCommonTags: couldn't write 'track' tag to 'Core Pride.m4a' as it's not a positive integer
writeCommonTags: couldn't write 'track' tag to 'Core Pride.m4a' as it's not a positive integer
writeCommonTags: couldn't write 'track' tag to 'Core Pride.m4a' as it's not a positive integer
writeCommonTags: couldn't write 'track' tag to 'Core Pride.m4a' as it's not a positive integer
writeCommonTags: couldn't write 'track' tag to 'Core Pride.m4a' as it's not a positive integer
writeCommonTags: couldn't write 'track' tag to 'Core Pride.m4a' as it's not a positive integer
writeCommonTags: couldn't write 'track' tag to 'Core Pride.m4a' as it's not a positive integer
writeCommonTags: couldn't write 'track' tag to 'と​き​め​き​★​メ​テ​オ​ス​ト​ラ​イ​ク/水無瀬ミナミ - 水無瀬ミナミ - ときめき★メテオストライク.m4a' as it's not a positive integer
writeCommonTags: couldn't write 'track' tag to 'と​き​め​き​★​メ​テ​オ​ス​ト​ラ​イ​ク/水無瀬ミナミ - 水無瀬ミナミ - ときめき★メテオストライク.m4a' as it's not a positive integer
TagLib: ID3v2.4 no longer supports the frame type TDAT.  It will be discarded from the tag.
writeCommonTags: couldn't write 'year' tag to 'Departures ~Anata ni Okuru Ai no Uta~.m4a' as it's not a positive integer
writeCommonTags: couldn't write 'year' tag to 'Departures ~Anata ni Okuru Ai no Uta~.m4a' as it's not a positive integer
writeCommonTags: couldn't write 'year' tag to 'Departures ~Anata ni Okuru Ai no Uta~.m4a' as it's not a positive integer
writeCommonTags: couldn't write 'year' tag to 'Departures ~Anata ni Okuru Ai no Uta~.m4a' as it's not a positive integer
TagLib: Could not open file /home/ein/Music/SamuraiX: Trust&Betrayal/å²©å´ç¢ - ãããã«å£å¿ è¿½æ¶ç·¨ ãµã¦ã³ããã©ãã¯.cue/track0015
TagLib: Could not open file /home/ein/Music/SamuraiX: Trust&Betrayal/å²©å´ç¢ - ãããã«å£å¿ è¿½æ¶ç·¨ ãµã¦ã³ããã©ãã¯.cue/track0015
TagLib: Could not open file /home/ein/Music/Mazzy Star - Among My Swan ( 1996 ) FLAC/Mazzy Star - Among My Swan.cue/track0004
TagLib: Could not open file /home/ein/Music/Mazzy Star - Among My Swan ( 1996 ) FLAC/Mazzy Star - Among My Swan.cue/track0009
TagLib: Could not open file /home/ein/Music/Mazzy Star - Among My Swan ( 1996 ) FLAC/Mazzy Star - Among My Swan.cue/track0012
TagLib: Could not open file /home/ein/Music/Mazzy Star - Among My Swan ( 1996 ) FLAC/Mazzy Star - Among My Swan.cue/track0012
TagLib: Could not open file /home/ein/Music/SamuraiX: Trust&Betrayal/Selfconsciousness/Selfconsciousness -å²©å´ç¢ãåä¼´é³æ¥½é- [Disc1].cue/track0001
TagLib: Could not open file /home/ein/Music/SamuraiX: Trust&Betrayal/Selfconsciousness/Selfconsciousness -å²©å´ç¢ãåä¼´é³æ¥½é- [Disc1].cue/track0002
